# JRE version: Java(TM) SE Runtime Environment (8.0_151-b12) (build 1.8.0_151-b12)
# Java VM: Java HotSpot(TM) 64-Bit Server VM (25.151-b12 mixed mode linux-amd64 compressed oops)
Heap:
 PSYoungGen      total 1177088K, used 0K [0x000000076d580000, 0x00000007c0000000, 0x00000007c0000000)
  eden space 1064448K, 0% used [0x000000076d580000,0x000000076d580000,0x00000007ae500000)
  from space 112640K, 0% used [0x00000007ae500000,0x00000007ae500000,0x00000007b5300000)
  to   space 154624K, 0% used [0x00000007b6900000,0x00000007b6900000,0x00000007c0000000)
 ParOldGen       total 370688K, used 252751K [0x00000006c8000000, 0x00000006dea00000, 0x000000076d580000)
  object space 370688K, 68% used [0x00000006c8000000,0x00000006d76d3dc8,0x00000006dea00000)
 Metaspace       used 147435K, capacity 162219K, committed 270952K, reserved 1298432K
  class space    used 18628K, capacity 19766K, committed 23168K, reserved 1048576K
GC Heap History (10 events):
Event: 71.754 GC heap after
Heap after GC invocations=40 (full 5):
 PSYoungGen      total 1252352K, used 89255K [0x000000076d580000, 0x00000007c0000000, 0x00000007c0000000)
  eden space 1162752K, 0% used [0x000000076d580000,0x000000076d580000,0x00000007b4500000)
  from space 89600K, 99% used [0x00000007b4500000,0x00000007b9c29db0,0x00000007b9c80000)
  to   space 101888K, 0% used [0x00000007b9c80000,0x00000007b9c80000,0x00000007c0000000)
 ParOldGen       total 370688K, used 180416K [0x00000006c8000000, 0x00000006dea00000, 0x000000076d580000)
  object space 370688K, 48% used [0x00000006c8000000,0x00000006d3030348,0x00000006dea00000)
 Metaspace       used 200037K, capacity 246815K, committed 247000K, reserved 1273856K
  class space    used 20616K, capacity 21936K, committed 22016K, reserved 1048576K
}
Event: 74.136 GC heap before
{Heap before GC invocations=41 (full 5):
 PSYoungGen      total 1252352K, used 1252007K [0x000000076d580000, 0x00000007c0000000, 0x00000007c0000000)
  eden space 1162752K, 100% used [0x000000076d580000,0x00000007b4500000,0x00000007b4500000)
  from space 89600K, 99% used [0x00000007b4500000,0x00000007b9c29db0,0x00000007b9c80000)
  to   space 101888K, 0% used [0x00000007b9c80000,0x00000007b9c80000,0x00000007c0000000)
 ParOldGen       total 370688K, used 180416K [0x00000006c8000000, 0x00000006dea00000, 0x000000076d580000)
  object space 370688K, 48% used [0x00000006c8000000,0x00000006d3030348,0x00000006dea00000)
 Metaspace       used 204884K, capacity 254507K, committed 254680K, reserved 1282048K
  class space    used 20872K, capacity 22236K, committed 22272K, reserved 1048576K
Event: 74.176 GC heap after
Heap after GC invocations=41 (full 5):
 PSYoungGen      total 1219584K, used 94271K [0x000000076d580000, 0x00000007c0000000, 0x00000007c0000000)
  eden space 1117696K, 0% used [0x000000076d580000,0x000000076d580000,0x00000007b1900000)
  from space 101888K, 92% used [0x00000007b9c80000,0x00000007bf88ff40,0x00000007c0000000)
  to   space 118272K, 0% used [0x00000007b1900000,0x00000007b1900000,0x00000007b8c80000)
 ParOldGen       total 370688K, used 180424K [0x00000006c8000000, 0x00000006dea00000, 0x000000076d580000)
  object space 370688K, 48% used [0x00000006c8000000,0x00000006d3032348,0x00000006dea00000)
 Metaspace       used 204884K, capacity 254507K, committed 254680K, reserved 1282048K
  class space    used 20872K, capacity 22236K, committed 22272K, reserved 1048576K
}
Event: 76.582 GC heap before
{Heap before GC invocations=42 (full 5):
 PSYoungGen      total 1219584K, used 1211967K [0x000000076d580000, 0x00000007c0000000, 0x00000007c0000000)
  eden space 1117696K, 100% used [0x000000076d580000,0x00000007b1900000,0x00000007b1900000)
  from space 101888K, 92% used [0x00000007b9c80000,0x00000007bf88ff40,0x00000007c0000000)
  to   space 118272K, 0% used [0x00000007b1900000,0x00000007b1900000,0x00000007b8c80000)
 ParOldGen       total 370688K, used 180424K [0x00000006c8000000, 0x00000006dea00000, 0x000000076d580000)
  object space 370688K, 48% used [0x00000006c8000000,0x00000006d3032348,0x00000006dea00000)
 Metaspace       used 209052K, capacity 261211K, committed 261464K, reserved 1288192K
  class space    used 21149K, capacity 22549K, committed 22656K, reserved 1048576K
Event: 76.643 GC heap after
Heap after GC invocations=42 (full 5):
 PSYoungGen      total 1222144K, used 103974K [0x000000076d580000, 0x00000007c0000000, 0x00000007c0000000)
  eden space 1117696K, 0% used [0x000000076d580000,0x000000076d580000,0x00000007b1900000)
  from space 104448K, 99% used [0x00000007b1900000,0x00000007b7e89958,0x00000007b7f00000)
  to   space 130560K, 0% used [0x00000007b8080000,0x00000007b8080000,0x00000007c0000000)
 ParOldGen       total 370688K, used 180432K [0x00000006c8000000, 0x00000006dea00000, 0x000000076d580000)
  object space 370688K, 48% used [0x00000006c8000000,0x00000006d3034348,0x00000006dea00000)
 Metaspace       used 209052K, capacity 261211K, committed 261464K, reserved 1288192K
  class space    used 21149K, capacity 22549K, committed 22656K, reserved 1048576K
}
Event: 78.865 GC heap before
{Heap before GC invocations=43 (full 5):
 PSYoungGen      total 1222144K, used 1221670K [0x000000076d580000, 0x00000007c0000000, 0x00000007c0000000)
  eden space 1117696K, 100% used [0x000000076d580000,0x00000007b1900000,0x00000007b1900000)
  from space 104448K, 99% used [0x00000007b1900000,0x00000007b7e89958,0x00000007b7f00000)
  to   space 130560K, 0% used [0x00000007b8080000,0x00000007b8080000,0x00000007c0000000)
 ParOldGen       total 370688K, used 180432K [0x00000006c8000000, 0x00000006dea00000, 0x000000076d580000)
  object space 370688K, 48% used [0x00000006c8000000,0x00000006d3034348,0x00000006dea00000)
 Metaspace       used 212654K, capacity 266979K, committed 267352K, reserved 1294336K
  class space    used 21361K, capacity 22790K, committed 22912K, reserved 1048576K
Event: 78.911 GC heap after
Heap after GC invocations=43 (full 5):
 PSYoungGen      total 1195008K, used 116848K [0x000000076d580000, 0x00000007c0000000, 0x00000007c0000000)
  eden space 1064448K, 0% used [0x000000076d580000,0x000000076d580000,0x00000007ae500000)
  from space 130560K, 89% used [0x00000007b8080000,0x00000007bf29c3d0,0x00000007c0000000)
  to   space 144896K, 0% used [0x00000007ae500000,0x00000007ae500000,0x00000007b7280000)
 ParOldGen       total 370688K, used 180440K [0x00000006c8000000, 0x00000006dea00000, 0x000000076d580000)
  object space 370688K, 48% used [0x00000006c8000000,0x00000006d3036348,0x00000006dea00000)
 Metaspace       used 212654K, capacity 266979K, committed 267352K, reserved 1294336K
  class space    used 21361K, capacity 22790K, committed 22912K, reserved 1048576K
}
Event: 80.246 GC heap before
{Heap before GC invocations=44 (full 5):
 PSYoungGen      total 1195008K, used 699959K [0x000000076d580000, 0x00000007c0000000, 0x00000007c0000000)
  eden space 1064448K, 54% used [0x000000076d580000,0x0000000790ef1bd0,0x00000007ae500000)
  from space 130560K, 89% used [0x00000007b8080000,0x00000007bf29c3d0,0x00000007c0000000)
  to   space 144896K, 0% used [0x00000007ae500000,0x00000007ae500000,0x00000007b7280000)
 ParOldGen       total 370688K, used 180440K [0x00000006c8000000, 0x00000006dea00000, 0x000000076d580000)
  object space 370688K, 48% used [0x00000006c8000000,0x00000006d3036348,0x00000006dea00000)
 Metaspace       used 216269K, capacity 272893K, committed 273000K, reserved 1300480K
  class space    used 21593K, capacity 23064K, committed 23168K, reserved 1048576K
Event: 80.310 GC heap after
Heap after GC invocations=44 (full 5):
 PSYoungGen      total 1177088K, used 112528K [0x000000076d580000, 0x00000007c0000000, 0x00000007c0000000)
  eden space 1064448K, 0% used [0x000000076d580000,0x000000076d580000,0x00000007ae500000)
  from space 112640K, 99% used [0x00000007ae500000,0x00000007b52e43a0,0x00000007b5300000)
  to   space 154624K, 0% used [0x00000007b6900000,0x00000007b6900000,0x00000007c0000000)
 ParOldGen       total 370688K, used 180448K [0x00000006c8000000, 0x00000006dea00000, 0x000000076d580000)
  object space 370688K, 48% used [0x00000006c8000000,0x00000006d3038348,0x00000006dea00000)
 Metaspace       used 216269K, capacity 272893K, committed 273000K, reserved 1300480K
  class space    used 21593K, capacity 23064K, committed 23168K, reserved 1048576K
}
Event: 80.310 GC heap before
{Heap before GC invocations=45 (full 6):
 PSYoungGen      total 1177088K, used 112528K [0x000000076d580000, 0x00000007c0000000, 0x00000007c0000000)
  eden space 1064448K, 0% used [0x000000076d580000,0x000000076d580000,0x00000007ae500000)
  from space 112640K, 99% used [0x00000007ae500000,0x00000007b52e43a0,0x00000007b5300000)
  to   space 154624K, 0% used [0x00000007b6900000,0x00000007b6900000,0x00000007c0000000)
 ParOldGen       total 370688K, used 180448K [0x00000006c8000000, 0x00000006dea00000, 0x000000076d580000)
  object space 370688K, 48% used [0x00000006c8000000,0x00000006d3038348,0x00000006dea00000)
 Metaspace       used 216269K, capacity 272893K, committed 273000K, reserved 1300480K
  class space    used 21593K, capacity 23064K, committed 23168K, reserved 1048576K

